<?xml version="1.0" encoding="UTF-8"?>
<!-- Generated by org.testng.reporters.JUnitReportReporter -->
<testsuite hostname="DESKTOP-2HL2JCU" failures="0" tests="1" name="Amazon.RunnerClass" time="66.996" errors="0" timestamp="2023-02-25T19:37:46 IST" skipped="0">
  <testcase classname="Amazon.RunnerClass" name="TS_01" time="66.996"/>
  <system-out/>
</testsuite> <!-- Amazon.RunnerClass -->
