<?xml version="1.0" encoding="UTF-8"?>
<!-- Generated by org.testng.reporters.JUnitReportReporter -->
<testsuite hostname="DESKTOP-2HL2JCU" failures="0" tests="1" name="Amazon.RunnerClass" time="71.525" errors="0" timestamp="25 Feb 2023 14:22:17 GMT" skipped="0">
  <testcase classname="Amazon.RunnerClass" name="TS_01" time="71.525"/>
</testsuite> <!-- Amazon.RunnerClass -->
